[ 2016-05-23T11:32:50+08:00 ] 115.33.2.151 /App/index.php/Home/Register/register
INFO: [ app_init ] --START--
INFO: Run Behavior\BuildLiteBehavior [ RunTime:0.000011s ]
INFO: [ app_init ] --END-- [ RunTime:0.000087s ]
INFO: [ app_begin ] --START--
INFO: Run Behavior\ReadHtmlCacheBehavior [ RunTime:0.000034s ]
INFO: [ app_begin ] --END-- [ RunTime:0.000067s ]
INFO: [ view_parse ] --START--
INFO: [ template_filter ] --START--
INFO: Run Behavior\ContentReplaceBehavior [ RunTime:0.000035s ]
INFO: [ template_filter ] --END-- [ RunTime:0.000068s ]
INFO: Run Behavior\ParseTemplateBehavior [ RunTime:0.003509s ]
INFO: [ view_parse ] --END-- [ RunTime:0.003545s ]
INFO: [ view_filter ] --START--
INFO: Run Behavior\WriteHtmlCacheBehavior [ RunTime:0.000042s ]
INFO: [ view_filter ] --END-- [ RunTime:0.000069s ]
INFO: [ app_end ] --START--
INFO: Run Behavior\ShowPageTraceBehavior [ RunTime:0.000042s ]
INFO: [ app_end ] --END-- [ RunTime:0.000071s ]

[ 2016-05-23T11:32:50+08:00 ] 115.33.2.151 /App/index.php/Home/Register/pattern.png
INFO: [ app_init ] --START--
INFO: Run Behavior\BuildLiteBehavior [ RunTime:0.000012s ]
INFO: [ app_init ] --END-- [ RunTime:0.000080s ]

[ 2016-05-23T11:32:52+08:00 ] 115.33.2.151 /App/index.php/Home/Register/register
INFO: [ app_init ] --START--
INFO: Run Behavior\BuildLiteBehavior [ RunTime:0.000013s ]
INFO: [ app_init ] --END-- [ RunTime:0.000088s ]
INFO: [ app_begin ] --START--
INFO: Run Behavior\ReadHtmlCacheBehavior [ RunTime:0.000030s ]
INFO: [ app_begin ] --END-- [ RunTime:0.000063s ]
INFO: [ view_parse ] --START--
INFO: [ template_filter ] --START--
INFO: Run Behavior\ContentReplaceBehavior [ RunTime:0.000036s ]
INFO: [ template_filter ] --END-- [ RunTime:0.000072s ]
INFO: Run Behavior\ParseTemplateBehavior [ RunTime:0.001767s ]
INFO: [ view_parse ] --END-- [ RunTime:0.001805s ]
INFO: [ view_filter ] --START--
INFO: Run Behavior\WriteHtmlCacheBehavior [ RunTime:0.000034s ]
INFO: [ view_filter ] --END-- [ RunTime:0.000061s ]
INFO: [ app_end ] --START--
INFO: Run Behavior\ShowPageTraceBehavior [ RunTime:0.000029s ]
INFO: [ app_end ] --END-- [ RunTime:0.000060s ]

[ 2016-05-23T11:32:52+08:00 ] 115.33.2.151 /App/index.php/Home/Register/pattern.png
INFO: [ app_init ] --START--
INFO: Run Behavior\BuildLiteBehavior [ RunTime:0.000012s ]
INFO: [ app_init ] --END-- [ RunTime:0.000079s ]

[ 2016-05-23T11:32:53+08:00 ] 115.33.2.151 /App/index.php/Home/Register/register
INFO: [ app_init ] --START--
INFO: Run Behavior\BuildLiteBehavior [ RunTime:0.000016s ]
INFO: [ app_init ] --END-- [ RunTime:0.000121s ]
INFO: [ app_begin ] --START--
INFO: Run Behavior\ReadHtmlCacheBehavior [ RunTime:0.000049s ]
INFO: [ app_begin ] --END-- [ RunTime:0.000098s ]
INFO: [ view_parse ] --START--
INFO: [ template_filter ] --START--
INFO: Run Behavior\ContentReplaceBehavior [ RunTime:0.000036s ]
INFO: [ template_filter ] --END-- [ RunTime:0.000070s ]
INFO: Run Behavior\ParseTemplateBehavior [ RunTime:0.002411s ]
INFO: [ view_parse ] --END-- [ RunTime:0.002483s ]
INFO: [ view_filter ] --START--
INFO: Run Behavior\WriteHtmlCacheBehavior [ RunTime:0.000058s ]
INFO: [ view_filter ] --END-- [ RunTime:0.000089s ]
INFO: [ app_end ] --START--
INFO: Run Behavior\ShowPageTraceBehavior [ RunTime:0.000056s ]
INFO: [ app_end ] --END-- [ RunTime:0.000100s ]

[ 2016-05-23T11:32:53+08:00 ] 115.33.2.151 /App/index.php/Home/Register/pattern.png
INFO: [ app_init ] --START--
INFO: Run Behavior\BuildLiteBehavior [ RunTime:0.000013s ]
INFO: [ app_init ] --END-- [ RunTime:0.000090s ]

[ 2016-05-23T11:32:56+08:00 ] 115.33.2.151 /App/index.php/Home/Register/Register/register
INFO: [ app_init ] --START--
INFO: Run Behavior\BuildLiteBehavior [ RunTime:0.000025s ]
INFO: [ app_init ] --END-- [ RunTime:0.000181s ]
INFO: [ app_begin ] --START--
INFO: Run Behavior\ReadHtmlCacheBehavior [ RunTime:0.000063s ]
INFO: [ app_begin ] --END-- [ RunTime:0.000123s ]
NOTIC: [8] Undefined index: team_name /var/www/html/App/Application/Home/Controller/RegisterController.class.php 第 19 行.
ERR: SQLSTATE[28000] [1045] Access denied for user 'root'@'localhost' (using password: NO)

[ 2016-05-23T13:30:00+08:00 ] 115.33.2.151 /App/index.php/Home/Register/Register/register
INFO: [ app_init ] --START--
INFO: Run Behavior\BuildLiteBehavior [ RunTime:0.000019s ]
INFO: [ app_init ] --END-- [ RunTime:0.000135s ]
INFO: [ app_begin ] --START--
INFO: Run Behavior\ReadHtmlCacheBehavior [ RunTime:0.000072s ]
INFO: [ app_begin ] --END-- [ RunTime:0.000131s ]
NOTIC: [8] Undefined index: team_name /var/www/html/App/Application/Home/Controller/RegisterController.class.php 第 19 行.
ERR: SQLSTATE[28000] [1045] Access denied for user 'root'@'localhost' (using password: NO)

[ 2016-05-23T13:30:02+08:00 ] 115.33.2.151 /App/index.php/Home/Register/Register/register
INFO: [ app_init ] --START--
INFO: Run Behavior\BuildLiteBehavior [ RunTime:0.000016s ]
INFO: [ app_init ] --END-- [ RunTime:0.000131s ]
INFO: [ app_begin ] --START--
INFO: Run Behavior\ReadHtmlCacheBehavior [ RunTime:0.000037s ]
INFO: [ app_begin ] --END-- [ RunTime:0.000087s ]
NOTIC: [8] Undefined index: team_name /var/www/html/App/Application/Home/Controller/RegisterController.class.php 第 19 行.
ERR: SQLSTATE[28000] [1045] Access denied for user 'root'@'localhost' (using password: NO)

[ 2016-05-23T13:30:04+08:00 ] 115.33.2.151 /App/index.php/Home/Register/Register/register
INFO: [ app_init ] --START--
INFO: Run Behavior\BuildLiteBehavior [ RunTime:0.000014s ]
INFO: [ app_init ] --END-- [ RunTime:0.000103s ]
INFO: [ app_begin ] --START--
INFO: Run Behavior\ReadHtmlCacheBehavior [ RunTime:0.000031s ]
INFO: [ app_begin ] --END-- [ RunTime:0.000065s ]
NOTIC: [8] Undefined index: team_name /var/www/html/App/Application/Home/Controller/RegisterController.class.php 第 19 行.
ERR: SQLSTATE[28000] [1045] Access denied for user 'root'@'localhost' (using password: NO)

[ 2016-05-23T14:45:35+08:00 ] 127.0.0.1 /App/
INFO: [ app_init ] --START--
INFO: Run Behavior\BuildLiteBehavior [ RunTime:0.000009s ]
INFO: [ app_init ] --END-- [ RunTime:0.000062s ]
INFO: [ app_begin ] --START--
INFO: Run Behavior\ReadHtmlCacheBehavior [ RunTime:0.000024s ]
INFO: [ app_begin ] --END-- [ RunTime:0.000048s ]
INFO: [ view_parse ] --START--
INFO: [ template_filter ] --START--
INFO: Run Behavior\ContentReplaceBehavior [ RunTime:0.000020s ]
INFO: [ template_filter ] --END-- [ RunTime:0.000043s ]
INFO: Run Behavior\ParseTemplateBehavior [ RunTime:0.000725s ]
INFO: [ view_parse ] --END-- [ RunTime:0.000755s ]
INFO: [ view_filter ] --START--
INFO: Run Behavior\WriteHtmlCacheBehavior [ RunTime:0.000238s ]
INFO: [ view_filter ] --END-- [ RunTime:0.000256s ]
INFO: [ app_end ] --START--
INFO: Run Behavior\ShowPageTraceBehavior [ RunTime:0.000550s ]
INFO: [ app_end ] --END-- [ RunTime:0.000575s ]

[ 2016-05-23T14:45:36+08:00 ] 127.0.0.1 /App/
INFO: [ app_init ] --START--
INFO: Run Behavior\BuildLiteBehavior [ RunTime:0.000008s ]
INFO: [ app_init ] --END-- [ RunTime:0.000054s ]
INFO: [ app_begin ] --START--
INFO: Run Behavior\ReadHtmlCacheBehavior [ RunTime:0.000020s ]
INFO: [ app_begin ] --END-- [ RunTime:0.000041s ]
INFO: [ view_parse ] --START--
INFO: Run Behavior\ParseTemplateBehavior [ RunTime:0.000114s ]
INFO: [ view_parse ] --END-- [ RunTime:0.000136s ]
INFO: [ view_filter ] --START--
INFO: Run Behavior\WriteHtmlCacheBehavior [ RunTime:0.000018s ]
INFO: [ view_filter ] --END-- [ RunTime:0.000033s ]
INFO: [ app_end ] --START--
INFO: Run Behavior\ShowPageTraceBehavior [ RunTime:0.000017s ]
INFO: [ app_end ] --END-- [ RunTime:0.000032s ]

[ 2016-05-23T14:45:46+08:00 ] 127.0.0.1 /App/index.php
INFO: [ app_init ] --START--
INFO: Run Behavior\BuildLiteBehavior [ RunTime:0.000007s ]
INFO: [ app_init ] --END-- [ RunTime:0.000048s ]
INFO: [ app_begin ] --START--
INFO: Run Behavior\ReadHtmlCacheBehavior [ RunTime:0.000021s ]
INFO: [ app_begin ] --END-- [ RunTime:0.000040s ]
INFO: [ view_parse ] --START--
INFO: Run Behavior\ParseTemplateBehavior [ RunTime:0.000187s ]
INFO: [ view_parse ] --END-- [ RunTime:0.000207s ]
INFO: [ view_filter ] --START--
INFO: Run Behavior\WriteHtmlCacheBehavior [ RunTime:0.000021s ]
INFO: [ view_filter ] --END-- [ RunTime:0.000034s ]
INFO: [ app_end ] --START--
INFO: Run Behavior\ShowPageTraceBehavior [ RunTime:0.000023s ]
INFO: [ app_end ] --END-- [ RunTime:0.000035s ]

[ 2016-05-23T14:46:16+08:00 ] 127.0.0.1 /App/index.php/Home/Register/register
INFO: [ app_init ] --START--
INFO: Run Behavior\BuildLiteBehavior [ RunTime:0.000006s ]
INFO: [ app_init ] --END-- [ RunTime:0.000048s ]
INFO: [ app_begin ] --START--
INFO: Run Behavior\ReadHtmlCacheBehavior [ RunTime:0.000019s ]
INFO: [ app_begin ] --END-- [ RunTime:0.000038s ]
INFO: [ view_parse ] --START--
INFO: [ template_filter ] --START--
INFO: Run Behavior\ContentReplaceBehavior [ RunTime:0.000022s ]
INFO: [ template_filter ] --END-- [ RunTime:0.000042s ]
INFO: Run Behavior\ParseTemplateBehavior [ RunTime:0.000977s ]
INFO: [ view_parse ] --END-- [ RunTime:0.000998s ]
INFO: [ view_filter ] --START--
INFO: Run Behavior\WriteHtmlCacheBehavior [ RunTime:0.000022s ]
INFO: [ view_filter ] --END-- [ RunTime:0.000034s ]
INFO: [ app_end ] --START--
INFO: Run Behavior\ShowPageTraceBehavior [ RunTime:0.000022s ]
INFO: [ app_end ] --END-- [ RunTime:0.000036s ]

[ 2016-05-23T14:46:16+08:00 ] 127.0.0.1 /App/index.php/Home/Register/pattern.png
INFO: [ app_init ] --START--
INFO: Run Behavior\BuildLiteBehavior [ RunTime:0.000010s ]
INFO: [ app_init ] --END-- [ RunTime:0.000056s ]

[ 2016-05-23T14:47:50+08:00 ] 127.0.0.1 /App/index.php/Home/Register/Register/register
INFO: [ app_init ] --START--
INFO: Run Behavior\BuildLiteBehavior [ RunTime:0.000007s ]
INFO: [ app_init ] --END-- [ RunTime:0.000061s ]
INFO: [ app_begin ] --START--
INFO: Run Behavior\ReadHtmlCacheBehavior [ RunTime:0.000020s ]
INFO: [ app_begin ] --END-- [ RunTime:0.000039s ]
NOTIC: [8] Undefined index: team_name /var/www/html/App/Application/Home/Controller/RegisterController.class.php 第 19 行.

[ 2016-05-23T14:58:50+08:00 ] 127.0.0.1 /App/index.php/Home/Register/Register/register
INFO: [ app_init ] --START--
INFO: Run Behavior\BuildLiteBehavior [ RunTime:0.000015s ]
INFO: [ app_init ] --END-- [ RunTime:0.000127s ]
INFO: [ app_begin ] --START--
INFO: Run Behavior\ReadHtmlCacheBehavior [ RunTime:0.000027s ]
INFO: [ app_begin ] --END-- [ RunTime:0.000049s ]
NOTIC: [8] Undefined index: team_name /var/www/html/App/Application/Home/Controller/RegisterController.class.php 第 19 行.

[ 2016-05-23T14:58:52+08:00 ] 127.0.0.1 /App/index.php/Home/Register/Register/register
INFO: [ app_init ] --START--
INFO: Run Behavior\BuildLiteBehavior [ RunTime:0.000012s ]
INFO: [ app_init ] --END-- [ RunTime:0.000091s ]
INFO: [ app_begin ] --START--
INFO: Run Behavior\ReadHtmlCacheBehavior [ RunTime:0.000022s ]
INFO: [ app_begin ] --END-- [ RunTime:0.000046s ]
NOTIC: [8] Undefined index: team_name /var/www/html/App/Application/Home/Controller/RegisterController.class.php 第 19 行.

[ 2016-05-23T15:00:02+08:00 ] 127.0.0.1 /App/index.php/Home/Register/Register/register
INFO: [ app_init ] --START--
INFO: Run Behavior\BuildLiteBehavior [ RunTime:0.000007s ]
INFO: [ app_init ] --END-- [ RunTime:0.000050s ]
INFO: [ app_begin ] --START--
INFO: Run Behavior\ReadHtmlCacheBehavior [ RunTime:0.000021s ]
INFO: [ app_begin ] --END-- [ RunTime:0.000041s ]
NOTIC: [8] Undefined index: team_name /var/www/html/App/Application/Home/Controller/RegisterController.class.php 第 19 行.

[ 2016-05-23T15:02:49+08:00 ] 127.0.0.1 /App/index.php/Home/Register/Register/register
INFO: [ app_init ] --START--
INFO: Run Behavior\BuildLiteBehavior [ RunTime:0.000011s ]
INFO: [ app_init ] --END-- [ RunTime:0.000068s ]
INFO: [ app_begin ] --START--
INFO: Run Behavior\ReadHtmlCacheBehavior [ RunTime:0.000023s ]
INFO: [ app_begin ] --END-- [ RunTime:0.000044s ]
NOTIC: [8] Undefined index: team_name /var/www/html/App/Application/Home/Controller/RegisterController.class.php 第 19 行.

[ 2016-05-23T15:02:51+08:00 ] 127.0.0.1 /App/index.php/Home/Register/Register/register
INFO: [ app_init ] --START--
INFO: Run Behavior\BuildLiteBehavior [ RunTime:0.000008s ]
INFO: [ app_init ] --END-- [ RunTime:0.000050s ]
INFO: [ app_begin ] --START--
INFO: Run Behavior\ReadHtmlCacheBehavior [ RunTime:0.000030s ]
INFO: [ app_begin ] --END-- [ RunTime:0.000065s ]
NOTIC: [8] Undefined index: team_name /var/www/html/App/Application/Home/Controller/RegisterController.class.php 第 19 行.

[ 2016-05-23T15:07:40+08:00 ] 127.0.0.1 /App/index.php/Home/Register/register
INFO: [ app_init ] --START--
INFO: Run Behavior\BuildLiteBehavior [ RunTime:0.000011s ]
INFO: [ app_init ] --END-- [ RunTime:0.000072s ]
INFO: [ app_begin ] --START--
INFO: Run Behavior\ReadHtmlCacheBehavior [ RunTime:0.000022s ]
INFO: [ app_begin ] --END-- [ RunTime:0.000043s ]
INFO: [ view_parse ] --START--
INFO: [ template_filter ] --START--
INFO: Run Behavior\ContentReplaceBehavior [ RunTime:0.000026s ]
INFO: [ template_filter ] --END-- [ RunTime:0.000052s ]
INFO: Run Behavior\ParseTemplateBehavior [ RunTime:0.001350s ]
INFO: [ view_parse ] --END-- [ RunTime:0.001371s ]
INFO: [ view_filter ] --START--
INFO: Run Behavior\WriteHtmlCacheBehavior [ RunTime:0.000023s ]
INFO: [ view_filter ] --END-- [ RunTime:0.000035s ]
INFO: [ app_end ] --START--
INFO: Run Behavior\ShowPageTraceBehavior [ RunTime:0.000023s ]
INFO: [ app_end ] --END-- [ RunTime:0.000036s ]

[ 2016-05-23T15:07:40+08:00 ] 127.0.0.1 /App/index.php/Home/Register/pattern.png
INFO: [ app_init ] --START--
INFO: Run Behavior\BuildLiteBehavior [ RunTime:0.000007s ]
INFO: [ app_init ] --END-- [ RunTime:0.000045s ]

[ 2016-05-23T15:07:42+08:00 ] 127.0.0.1 /App/index.php/Home/Register/register
INFO: [ app_init ] --START--
INFO: Run Behavior\BuildLiteBehavior [ RunTime:0.000010s ]
INFO: [ app_init ] --END-- [ RunTime:0.000070s ]
INFO: [ app_begin ] --START--
INFO: Run Behavior\ReadHtmlCacheBehavior [ RunTime:0.000022s ]
INFO: [ app_begin ] --END-- [ RunTime:0.000043s ]
INFO: [ view_parse ] --START--
INFO: [ template_filter ] --START--
INFO: Run Behavior\ContentReplaceBehavior [ RunTime:0.000043s ]
INFO: [ template_filter ] --END-- [ RunTime:0.000096s ]
INFO: Run Behavior\ParseTemplateBehavior [ RunTime:0.001344s ]
INFO: [ view_parse ] --END-- [ RunTime:0.001371s ]
INFO: [ view_filter ] --START--
INFO: Run Behavior\WriteHtmlCacheBehavior [ RunTime:0.000035s ]
INFO: [ view_filter ] --END-- [ RunTime:0.000057s ]
INFO: [ app_end ] --START--
INFO: Run Behavior\ShowPageTraceBehavior [ RunTime:0.000022s ]
INFO: [ app_end ] --END-- [ RunTime:0.000038s ]

[ 2016-05-23T15:07:42+08:00 ] 127.0.0.1 /App/index.php/Home/Register/pattern.png
INFO: [ app_init ] --START--
INFO: Run Behavior\BuildLiteBehavior [ RunTime:0.000010s ]
INFO: [ app_init ] --END-- [ RunTime:0.000071s ]

[ 2016-05-23T15:07:43+08:00 ] 127.0.0.1 /App/index.php/Home/Register/register
INFO: [ app_init ] --START--
INFO: Run Behavior\BuildLiteBehavior [ RunTime:0.000007s ]
INFO: [ app_init ] --END-- [ RunTime:0.000047s ]
INFO: [ app_begin ] --START--
INFO: Run Behavior\ReadHtmlCacheBehavior [ RunTime:0.000020s ]
INFO: [ app_begin ] --END-- [ RunTime:0.000038s ]
INFO: [ view_parse ] --START--
INFO: [ template_filter ] --START--
INFO: Run Behavior\ContentReplaceBehavior [ RunTime:0.000023s ]
INFO: [ template_filter ] --END-- [ RunTime:0.000042s ]
INFO: Run Behavior\ParseTemplateBehavior [ RunTime:0.001073s ]
INFO: [ view_parse ] --END-- [ RunTime:0.001093s ]
INFO: [ view_filter ] --START--
INFO: Run Behavior\WriteHtmlCacheBehavior [ RunTime:0.000030s ]
INFO: [ view_filter ] --END-- [ RunTime:0.000048s ]
INFO: [ app_end ] --START--
INFO: Run Behavior\ShowPageTraceBehavior [ RunTime:0.000024s ]
INFO: [ app_end ] --END-- [ RunTime:0.000038s ]

[ 2016-05-23T15:07:43+08:00 ] 127.0.0.1 /App/index.php/Home/Register/pattern.png
INFO: [ app_init ] --START--
INFO: Run Behavior\BuildLiteBehavior [ RunTime:0.000013s ]
INFO: [ app_init ] --END-- [ RunTime:0.000078s ]

[ 2016-05-23T15:07:43+08:00 ] 127.0.0.1 /App/index.php/Home/Register/register
INFO: [ app_init ] --START--
INFO: Run Behavior\BuildLiteBehavior [ RunTime:0.000007s ]
INFO: [ app_init ] --END-- [ RunTime:0.000044s ]
INFO: [ app_begin ] --START--
INFO: Run Behavior\ReadHtmlCacheBehavior [ RunTime:0.000016s ]
INFO: [ app_begin ] --END-- [ RunTime:0.000034s ]
INFO: [ view_parse ] --START--
INFO: [ template_filter ] --START--
INFO: Run Behavior\ContentReplaceBehavior [ RunTime:0.000025s ]
INFO: [ template_filter ] --END-- [ RunTime:0.000045s ]
INFO: Run Behavior\ParseTemplateBehavior [ RunTime:0.001181s ]
INFO: [ view_parse ] --END-- [ RunTime:0.001203s ]
INFO: [ view_filter ] --START--
INFO: Run Behavior\WriteHtmlCacheBehavior [ RunTime:0.000020s ]
INFO: [ view_filter ] --END-- [ RunTime:0.000033s ]
INFO: [ app_end ] --START--
INFO: Run Behavior\ShowPageTraceBehavior [ RunTime:0.000021s ]
INFO: [ app_end ] --END-- [ RunTime:0.000035s ]

[ 2016-05-23T15:07:43+08:00 ] 127.0.0.1 /App/index.php/Home/Register/pattern.png
INFO: [ app_init ] --START--
INFO: Run Behavior\BuildLiteBehavior [ RunTime:0.000007s ]
INFO: [ app_init ] --END-- [ RunTime:0.000043s ]

[ 2016-05-23T15:07:43+08:00 ] 127.0.0.1 /App/index.php/Home/Register/register
INFO: [ app_init ] --START--
INFO: Run Behavior\BuildLiteBehavior [ RunTime:0.000007s ]
INFO: [ app_init ] --END-- [ RunTime:0.000049s ]
INFO: [ app_begin ] --START--
INFO: Run Behavior\ReadHtmlCacheBehavior [ RunTime:0.000017s ]
INFO: [ app_begin ] --END-- [ RunTime:0.000034s ]
INFO: [ view_parse ] --START--
INFO: [ template_filter ] --START--
INFO: Run Behavior\ContentReplaceBehavior [ RunTime:0.000024s ]
INFO: [ template_filter ] --END-- [ RunTime:0.000044s ]
INFO: Run Behavior\ParseTemplateBehavior [ RunTime:0.001019s ]
INFO: [ view_parse ] --END-- [ RunTime:0.001039s ]
INFO: [ view_filter ] --START--
INFO: Run Behavior\WriteHtmlCacheBehavior [ RunTime:0.000018s ]
INFO: [ view_filter ] --END-- [ RunTime:0.000031s ]
INFO: [ app_end ] --START--
INFO: Run Behavior\ShowPageTraceBehavior [ RunTime:0.000015s ]
INFO: [ app_end ] --END-- [ RunTime:0.000028s ]

[ 2016-05-23T15:07:43+08:00 ] 127.0.0.1 /App/index.php/Home/Register/pattern.png
INFO: [ app_init ] --START--
INFO: Run Behavior\BuildLiteBehavior [ RunTime:0.000008s ]
INFO: [ app_init ] --END-- [ RunTime:0.000052s ]

[ 2016-05-23T15:07:48+08:00 ] 127.0.0.1 /App/index.php/Home/Register/register
INFO: [ app_init ] --START--
INFO: Run Behavior\BuildLiteBehavior [ RunTime:0.000010s ]
INFO: [ app_init ] --END-- [ RunTime:0.000074s ]
INFO: [ app_begin ] --START--
INFO: Run Behavior\ReadHtmlCacheBehavior [ RunTime:0.000034s ]
INFO: [ app_begin ] --END-- [ RunTime:0.000065s ]
INFO: [ view_parse ] --START--
INFO: [ template_filter ] --START--
INFO: Run Behavior\ContentReplaceBehavior [ RunTime:0.000034s ]
INFO: [ template_filter ] --END-- [ RunTime:0.000081s ]
INFO: Run Behavior\ParseTemplateBehavior [ RunTime:0.001156s ]
INFO: [ view_parse ] --END-- [ RunTime:0.001185s ]
INFO: [ view_filter ] --START--
INFO: Run Behavior\WriteHtmlCacheBehavior [ RunTime:0.000026s ]
INFO: [ view_filter ] --END-- [ RunTime:0.000057s ]
INFO: [ app_end ] --START--
INFO: Run Behavior\ShowPageTraceBehavior [ RunTime:0.000029s ]
INFO: [ app_end ] --END-- [ RunTime:0.000051s ]

[ 2016-05-23T15:07:48+08:00 ] 127.0.0.1 /App/index.php/Home/Register/pattern.png
INFO: [ app_init ] --START--
INFO: Run Behavior\BuildLiteBehavior [ RunTime:0.000008s ]
INFO: [ app_init ] --END-- [ RunTime:0.000061s ]

[ 2016-05-23T15:07:48+08:00 ] 127.0.0.1 /App/index.php/Home/Register/register
INFO: [ app_init ] --START--
INFO: Run Behavior\BuildLiteBehavior [ RunTime:0.000007s ]
INFO: [ app_init ] --END-- [ RunTime:0.000045s ]
INFO: [ app_begin ] --START--
INFO: Run Behavior\ReadHtmlCacheBehavior [ RunTime:0.000016s ]
INFO: [ app_begin ] --END-- [ RunTime:0.000031s ]
INFO: [ view_parse ] --START--
INFO: [ template_filter ] --START--
INFO: Run Behavior\ContentReplaceBehavior [ RunTime:0.000026s ]
INFO: [ template_filter ] --END-- [ RunTime:0.000055s ]
INFO: Run Behavior\ParseTemplateBehavior [ RunTime:0.001131s ]
INFO: [ view_parse ] --END-- [ RunTime:0.001151s ]
INFO: [ view_filter ] --START--
INFO: Run Behavior\WriteHtmlCacheBehavior [ RunTime:0.000028s ]
INFO: [ view_filter ] --END-- [ RunTime:0.000040s ]
INFO: [ app_end ] --START--
INFO: Run Behavior\ShowPageTraceBehavior [ RunTime:0.000018s ]
INFO: [ app_end ] --END-- [ RunTime:0.000030s ]

[ 2016-05-23T15:07:48+08:00 ] 127.0.0.1 /App/index.php/Home/Register/pattern.png
INFO: [ app_init ] --START--
INFO: Run Behavior\BuildLiteBehavior [ RunTime:0.000012s ]
INFO: [ app_init ] --END-- [ RunTime:0.000079s ]

[ 2016-05-23T15:07:48+08:00 ] 127.0.0.1 /App/index.php/Home/Register/register
INFO: [ app_init ] --START--
INFO: Run Behavior\BuildLiteBehavior [ RunTime:0.000010s ]
INFO: [ app_init ] --END-- [ RunTime:0.000062s ]
INFO: [ app_begin ] --START--
INFO: Run Behavior\ReadHtmlCacheBehavior [ RunTime:0.000018s ]
INFO: [ app_begin ] --END-- [ RunTime:0.000037s ]
INFO: [ view_parse ] --START--
INFO: [ template_filter ] --START--
INFO: Run Behavior\ContentReplaceBehavior [ RunTime:0.000038s ]
INFO: [ template_filter ] --END-- [ RunTime:0.000089s ]
INFO: Run Behavior\ParseTemplateBehavior [ RunTime:0.001205s ]
INFO: [ view_parse ] --END-- [ RunTime:0.001231s ]
INFO: [ view_filter ] --START--
INFO: Run Behavior\WriteHtmlCacheBehavior [ RunTime:0.000030s ]
INFO: [ view_filter ] --END-- [ RunTime:0.000050s ]
INFO: [ app_end ] --START--
INFO: Run Behavior\ShowPageTraceBehavior [ RunTime:0.000024s ]
INFO: [ app_end ] --END-- [ RunTime:0.000048s ]

[ 2016-05-23T15:07:48+08:00 ] 127.0.0.1 /App/index.php/Home/Register/pattern.png
INFO: [ app_init ] --START--
INFO: Run Behavior\BuildLiteBehavior [ RunTime:0.000007s ]
INFO: [ app_init ] --END-- [ RunTime:0.000046s ]

[ 2016-05-23T15:08:08+08:00 ] 127.0.0.1 /App/index.php/Home/Register/Register/register
INFO: [ app_init ] --START--
INFO: Run Behavior\BuildLiteBehavior [ RunTime:0.000008s ]
INFO: [ app_init ] --END-- [ RunTime:0.000048s ]
INFO: [ app_begin ] --START--
INFO: Run Behavior\ReadHtmlCacheBehavior [ RunTime:0.000019s ]
INFO: [ app_begin ] --END-- [ RunTime:0.000036s ]
NOTIC: [8] Undefined index: team_name /var/www/html/App/Application/Home/Controller/RegisterController.class.php 第 19 行.

[ 2016-05-23T15:15:29+08:00 ] 127.0.0.1 /App/index.php/Home/Register/Register/register
INFO: [ app_init ] --START--
INFO: Run Behavior\BuildLiteBehavior [ RunTime:0.000008s ]
INFO: [ app_init ] --END-- [ RunTime:0.000049s ]
INFO: [ app_begin ] --START--
INFO: Run Behavior\ReadHtmlCacheBehavior [ RunTime:0.000018s ]
INFO: [ app_begin ] --END-- [ RunTime:0.000035s ]
NOTIC: [8] Undefined index: team_name /var/www/html/App/Application/Home/Controller/RegisterController.class.php 第 19 行.

[ 2016-05-23T15:20:30+08:00 ] 127.0.0.1 /App/index.php/Home/Register/Register/register
INFO: [ app_init ] --START--
INFO: Run Behavior\BuildLiteBehavior [ RunTime:0.000010s ]
INFO: [ app_init ] --END-- [ RunTime:0.000071s ]
INFO: [ app_begin ] --START--
INFO: Run Behavior\ReadHtmlCacheBehavior [ RunTime:0.000019s ]
INFO: [ app_begin ] --END-- [ RunTime:0.000037s ]
NOTIC: [8] Undefined index: team_name /var/www/html/App/Application/Home/Controller/RegisterController.class.php 第 19 行.

[ 2016-05-23T15:20:32+08:00 ] 127.0.0.1 /App/index.php/Home/Register/Register/register
INFO: [ app_init ] --START--
INFO: Run Behavior\BuildLiteBehavior [ RunTime:0.000007s ]
INFO: [ app_init ] --END-- [ RunTime:0.000044s ]
INFO: [ app_begin ] --START--
INFO: Run Behavior\ReadHtmlCacheBehavior [ RunTime:0.000016s ]
INFO: [ app_begin ] --END-- [ RunTime:0.000033s ]
NOTIC: [8] Undefined index: team_name /var/www/html/App/Application/Home/Controller/RegisterController.class.php 第 19 行.

[ 2016-05-23T15:20:33+08:00 ] 127.0.0.1 /App/index.php/Home/Register/Register/register
INFO: [ app_init ] --START--
INFO: Run Behavior\BuildLiteBehavior [ RunTime:0.000008s ]
INFO: [ app_init ] --END-- [ RunTime:0.000057s ]
INFO: [ app_begin ] --START--
INFO: Run Behavior\ReadHtmlCacheBehavior [ RunTime:0.000017s ]
INFO: [ app_begin ] --END-- [ RunTime:0.000035s ]
NOTIC: [8] Undefined index: team_name /var/www/html/App/Application/Home/Controller/RegisterController.class.php 第 19 行.

[ 2016-05-23T16:10:49+08:00 ] 127.0.0.1 /App/
INFO: [ app_init ] --START--
INFO: Run Behavior\BuildLiteBehavior [ RunTime:0.000013s ]
INFO: [ app_init ] --END-- [ RunTime:0.000895s ]
INFO: [ app_begin ] --START--
INFO: Run Behavior\ReadHtmlCacheBehavior [ RunTime:0.009025s ]
INFO: [ app_begin ] --END-- [ RunTime:0.009064s ]
INFO: [ view_parse ] --START--
INFO: Run Behavior\ParseTemplateBehavior [ RunTime:0.000425s ]
INFO: [ view_parse ] --END-- [ RunTime:0.000470s ]
INFO: [ view_filter ] --START--
INFO: Run Behavior\WriteHtmlCacheBehavior [ RunTime:0.007932s ]
INFO: [ view_filter ] --END-- [ RunTime:0.007965s ]
INFO: [ app_end ] --START--
INFO: Run Behavior\ShowPageTraceBehavior [ RunTime:0.001167s ]
INFO: [ app_end ] --END-- [ RunTime:0.001198s ]

[ 2016-05-23T16:10:57+08:00 ] 127.0.0.1 /App/index.php/Home/Register/register
INFO: [ app_init ] --START--
INFO: Run Behavior\BuildLiteBehavior [ RunTime:0.000010s ]
INFO: [ app_init ] --END-- [ RunTime:0.000068s ]
INFO: [ app_begin ] --START--
INFO: Run Behavior\ReadHtmlCacheBehavior [ RunTime:0.000028s ]
INFO: [ app_begin ] --END-- [ RunTime:0.000050s ]
INFO: [ view_parse ] --START--
INFO: [ template_filter ] --START--
INFO: Run Behavior\ContentReplaceBehavior [ RunTime:0.000035s ]
INFO: [ template_filter ] --END-- [ RunTime:0.000077s ]
INFO: Run Behavior\ParseTemplateBehavior [ RunTime:0.173429s ]
INFO: [ view_parse ] --END-- [ RunTime:0.173455s ]
INFO: [ view_filter ] --START--
INFO: Run Behavior\WriteHtmlCacheBehavior [ RunTime:0.000024s ]
INFO: [ view_filter ] --END-- [ RunTime:0.000037s ]
INFO: [ app_end ] --START--
INFO: Run Behavior\ShowPageTraceBehavior [ RunTime:0.000017s ]
INFO: [ app_end ] --END-- [ RunTime:0.000030s ]

[ 2016-05-23T16:10:58+08:00 ] 127.0.0.1 /App/index.php/Home/Register/pattern.png
INFO: [ app_init ] --START--
INFO: Run Behavior\BuildLiteBehavior [ RunTime:0.000008s ]
INFO: [ app_init ] --END-- [ RunTime:0.000060s ]

[ 2016-05-23T16:11:17+08:00 ] 127.0.0.1 /App/index.php/Home/Register/Register/register
INFO: [ app_init ] --START--
INFO: Run Behavior\BuildLiteBehavior [ RunTime:0.000012s ]
INFO: [ app_init ] --END-- [ RunTime:0.000151s ]
INFO: [ app_begin ] --START--
INFO: Run Behavior\ReadHtmlCacheBehavior [ RunTime:0.000027s ]
INFO: [ app_begin ] --END-- [ RunTime:0.000048s ]
NOTIC: [8] Undefined index: team_name /var/www/html/App/Application/Home/Controller/RegisterController.class.php 第 19 行.

[ 2016-05-23T16:16:47+08:00 ] 127.0.0.1 /App/index.php/Home/Register/Register/register
INFO: [ app_init ] --START--
INFO: Run Behavior\BuildLiteBehavior [ RunTime:0.000009s ]
INFO: [ app_init ] --END-- [ RunTime:0.000276s ]
INFO: [ app_begin ] --START--
INFO: Run Behavior\ReadHtmlCacheBehavior [ RunTime:0.000354s ]
INFO: [ app_begin ] --END-- [ RunTime:0.000378s ]
NOTIC: [8] Undefined index: team_name /var/www/html/App/Application/Home/Controller/RegisterController.class.php 第 19 行.

[ 2016-05-23T16:16:51+08:00 ] 127.0.0.1 /App/index.php/Home/Register/Register/register
INFO: [ app_init ] --START--
INFO: Run Behavior\BuildLiteBehavior [ RunTime:0.000007s ]
INFO: [ app_init ] --END-- [ RunTime:0.000046s ]
INFO: [ app_begin ] --START--
INFO: Run Behavior\ReadHtmlCacheBehavior [ RunTime:0.000016s ]
INFO: [ app_begin ] --END-- [ RunTime:0.000034s ]
NOTIC: [8] Undefined index: team_name /var/www/html/App/Application/Home/Controller/RegisterController.class.php 第 19 行.

[ 2016-05-23T16:16:52+08:00 ] 127.0.0.1 /App/index.php/Home/Register/Register/register
INFO: [ app_init ] --START--
INFO: Run Behavior\BuildLiteBehavior [ RunTime:0.000012s ]
INFO: [ app_init ] --END-- [ RunTime:0.000089s ]
INFO: [ app_begin ] --START--
INFO: Run Behavior\ReadHtmlCacheBehavior [ RunTime:0.000020s ]
INFO: [ app_begin ] --END-- [ RunTime:0.000042s ]
NOTIC: [8] Undefined index: team_name /var/www/html/App/Application/Home/Controller/RegisterController.class.php 第 19 行.

[ 2016-05-23T16:21:21+08:00 ] 127.0.0.1 /App/index.php/Home/Register/Register/register
INFO: [ app_init ] --START--
INFO: Run Behavior\BuildLiteBehavior [ RunTime:0.000013s ]
INFO: [ app_init ] --END-- [ RunTime:0.000099s ]
INFO: [ app_begin ] --START--
INFO: Run Behavior\ReadHtmlCacheBehavior [ RunTime:0.000036s ]
INFO: [ app_begin ] --END-- [ RunTime:0.000064s ]
NOTIC: [8] Undefined index: team_name /var/www/html/App/Application/Home/Controller/RegisterController.class.php 第 19 行.

[ 2016-05-23T16:21:23+08:00 ] 127.0.0.1 /App/index.php/Home/Register/Register/register
INFO: [ app_init ] --START--
INFO: Run Behavior\BuildLiteBehavior [ RunTime:0.000006s ]
INFO: [ app_init ] --END-- [ RunTime:0.000045s ]
INFO: [ app_begin ] --START--
INFO: Run Behavior\ReadHtmlCacheBehavior [ RunTime:0.000017s ]
INFO: [ app_begin ] --END-- [ RunTime:0.000039s ]
NOTIC: [8] Undefined index: team_name /var/www/html/App/Application/Home/Controller/RegisterController.class.php 第 19 行.

[ 2016-05-23T16:21:24+08:00 ] 127.0.0.1 /App/index.php/Home/Register/Register/register
INFO: [ app_init ] --START--
INFO: Run Behavior\BuildLiteBehavior [ RunTime:0.000006s ]
INFO: [ app_init ] --END-- [ RunTime:0.000047s ]
INFO: [ app_begin ] --START--
INFO: Run Behavior\ReadHtmlCacheBehavior [ RunTime:0.000017s ]
INFO: [ app_begin ] --END-- [ RunTime:0.000037s ]
NOTIC: [8] Undefined index: team_name /var/www/html/App/Application/Home/Controller/RegisterController.class.php 第 19 行.

[ 2016-05-23T16:21:25+08:00 ] 127.0.0.1 /App/index.php/Home/Register/Register/register
INFO: [ app_init ] --START--
INFO: Run Behavior\BuildLiteBehavior [ RunTime:0.000008s ]
INFO: [ app_init ] --END-- [ RunTime:0.000051s ]
INFO: [ app_begin ] --START--
INFO: Run Behavior\ReadHtmlCacheBehavior [ RunTime:0.000017s ]
INFO: [ app_begin ] --END-- [ RunTime:0.000037s ]
NOTIC: [8] Undefined index: team_name /var/www/html/App/Application/Home/Controller/RegisterController.class.php 第 19 行.

[ 2016-05-23T16:21:25+08:00 ] 127.0.0.1 /App/index.php/Home/Register/Register/register
INFO: [ app_init ] --START--
INFO: Run Behavior\BuildLiteBehavior [ RunTime:0.000008s ]
INFO: [ app_init ] --END-- [ RunTime:0.000056s ]
INFO: [ app_begin ] --START--
INFO: Run Behavior\ReadHtmlCacheBehavior [ RunTime:0.000016s ]
INFO: [ app_begin ] --END-- [ RunTime:0.000036s ]
NOTIC: [8] Undefined index: team_name /var/www/html/App/Application/Home/Controller/RegisterController.class.php 第 19 行.

[ 2016-05-23T16:21:30+08:00 ] 127.0.0.1 /App/index.php/Home/Register/Register/register
INFO: [ app_init ] --START--
INFO: Run Behavior\BuildLiteBehavior [ RunTime:0.000007s ]
INFO: [ app_init ] --END-- [ RunTime:0.000050s ]
INFO: [ app_begin ] --START--
INFO: Run Behavior\ReadHtmlCacheBehavior [ RunTime:0.000017s ]
INFO: [ app_begin ] --END-- [ RunTime:0.000037s ]
NOTIC: [8] Undefined index: team_name /var/www/html/App/Application/Home/Controller/RegisterController.class.php 第 19 行.

[ 2016-05-23T16:29:58+08:00 ] 127.0.0.1 /App/index.php/Home/Register/Register/register
INFO: [ app_init ] --START--
INFO: Run Behavior\BuildLiteBehavior [ RunTime:0.000011s ]
INFO: [ app_init ] --END-- [ RunTime:0.000085s ]
INFO: [ app_begin ] --START--
INFO: Run Behavior\ReadHtmlCacheBehavior [ RunTime:0.000029s ]
INFO: [ app_begin ] --END-- [ RunTime:0.000051s ]
NOTIC: [8] Undefined index: team_name /var/www/html/App/Application/Home/Controller/RegisterController.class.php 第 19 行.

[ 2016-05-23T16:47:13+08:00 ] 127.0.0.1 /App/index.php/Home/Register/Register/register
INFO: [ app_init ] --START--
INFO: Run Behavior\BuildLiteBehavior [ RunTime:0.000015s ]
INFO: [ app_init ] --END-- [ RunTime:0.000504s ]
INFO: [ app_begin ] --START--
INFO: Run Behavior\ReadHtmlCacheBehavior [ RunTime:0.000271s ]
INFO: [ app_begin ] --END-- [ RunTime:0.000302s ]
NOTIC: [8] Undefined index: team_name /var/www/html/App/Application/Home/Controller/RegisterController.class.php 第 19 行.

[ 2016-05-23T16:47:17+08:00 ] 127.0.0.1 /App/index.php/Home/Register/Register/register
INFO: [ app_init ] --START--
INFO: Run Behavior\BuildLiteBehavior [ RunTime:0.000008s ]
INFO: [ app_init ] --END-- [ RunTime:0.000159s ]
INFO: [ app_begin ] --START--
INFO: Run Behavior\ReadHtmlCacheBehavior [ RunTime:0.000193s ]
INFO: [ app_begin ] --END-- [ RunTime:0.000219s ]
NOTIC: [8] Undefined index: team_name /var/www/html/App/Application/Home/Controller/RegisterController.class.php 第 19 行.

[ 2016-05-23T16:51:10+08:00 ] 127.0.0.1 /App/index.php/Home/Register/Register/register
INFO: [ app_init ] --START--
INFO: Run Behavior\BuildLiteBehavior [ RunTime:0.000011s ]
INFO: [ app_init ] --END-- [ RunTime:0.000208s ]
INFO: [ app_begin ] --START--
INFO: Run Behavior\ReadHtmlCacheBehavior [ RunTime:0.000232s ]
INFO: [ app_begin ] --END-- [ RunTime:0.000280s ]
NOTIC: [8] Undefined index: team_name /var/www/html/App/Application/Home/Controller/RegisterController.class.php 第 19 行.

[ 2016-05-23T16:51:11+08:00 ] 127.0.0.1 /App/index.php/Home/Register/Register/register
INFO: [ app_init ] --START--
INFO: Run Behavior\BuildLiteBehavior [ RunTime:0.000009s ]
INFO: [ app_init ] --END-- [ RunTime:0.000161s ]
INFO: [ app_begin ] --START--
INFO: Run Behavior\ReadHtmlCacheBehavior [ RunTime:0.000191s ]
INFO: [ app_begin ] --END-- [ RunTime:0.000217s ]
NOTIC: [8] Undefined index: team_name /var/www/html/App/Application/Home/Controller/RegisterController.class.php 第 19 行.

[ 2016-05-23T16:53:44+08:00 ] 127.0.0.1 /App/index.php/Home/Register/Register/register
INFO: [ app_init ] --START--
INFO: Run Behavior\BuildLiteBehavior [ RunTime:0.000008s ]
INFO: [ app_init ] --END-- [ RunTime:0.000168s ]
INFO: [ app_begin ] --START--
INFO: Run Behavior\ReadHtmlCacheBehavior [ RunTime:0.000203s ]
INFO: [ app_begin ] --END-- [ RunTime:0.000230s ]
NOTIC: [8] Undefined index: team_name /var/www/html/App/Application/Home/Controller/RegisterController.class.php 第 19 行.

[ 2016-05-23T16:53:45+08:00 ] 127.0.0.1 /App/index.php/Home/Register/Register/register
INFO: [ app_init ] --START--
INFO: Run Behavior\BuildLiteBehavior [ RunTime:0.000008s ]
INFO: [ app_init ] --END-- [ RunTime:0.000151s ]
INFO: [ app_begin ] --START--
INFO: Run Behavior\ReadHtmlCacheBehavior [ RunTime:0.000192s ]
INFO: [ app_begin ] --END-- [ RunTime:0.000217s ]
NOTIC: [8] Undefined index: team_name /var/www/html/App/Application/Home/Controller/RegisterController.class.php 第 19 行.

[ 2016-05-23T16:53:46+08:00 ] 127.0.0.1 /App/index.php/Home/Register/Register/register
INFO: [ app_init ] --START--
INFO: Run Behavior\BuildLiteBehavior [ RunTime:0.000008s ]
INFO: [ app_init ] --END-- [ RunTime:0.000154s ]
INFO: [ app_begin ] --START--
INFO: Run Behavior\ReadHtmlCacheBehavior [ RunTime:0.000180s ]
INFO: [ app_begin ] --END-- [ RunTime:0.000206s ]
NOTIC: [8] Undefined index: team_name /var/www/html/App/Application/Home/Controller/RegisterController.class.php 第 19 行.

[ 2016-05-23T16:53:47+08:00 ] 127.0.0.1 /App/index.php/Home/Register/Register/register
INFO: [ app_init ] --START--
INFO: Run Behavior\BuildLiteBehavior [ RunTime:0.000008s ]
INFO: [ app_init ] --END-- [ RunTime:0.000156s ]
INFO: [ app_begin ] --START--
INFO: Run Behavior\ReadHtmlCacheBehavior [ RunTime:0.000192s ]
INFO: [ app_begin ] --END-- [ RunTime:0.000220s ]
NOTIC: [8] Undefined index: team_name /var/www/html/App/Application/Home/Controller/RegisterController.class.php 第 19 行.

[ 2016-05-23T16:56:25+08:00 ] 127.0.0.1 /App/index.php/Home/Register/Register/register
INFO: [ app_init ] --START--
INFO: Run Behavior\BuildLiteBehavior [ RunTime:0.000009s ]
INFO: [ app_init ] --END-- [ RunTime:0.000176s ]
INFO: [ app_begin ] --START--
INFO: Run Behavior\ReadHtmlCacheBehavior [ RunTime:0.000194s ]
INFO: [ app_begin ] --END-- [ RunTime:0.000219s ]
NOTIC: [8] Undefined index: team_name /var/www/html/App/Application/Home/Controller/RegisterController.class.php 第 19 行.

[ 2016-05-23T16:56:26+08:00 ] 127.0.0.1 /App/index.php/Home/Register/Register/register
INFO: [ app_init ] --START--
INFO: Run Behavior\BuildLiteBehavior [ RunTime:0.000008s ]
INFO: [ app_init ] --END-- [ RunTime:0.000167s ]
INFO: [ app_begin ] --START--
INFO: Run Behavior\ReadHtmlCacheBehavior [ RunTime:0.000333s ]
INFO: [ app_begin ] --END-- [ RunTime:0.000385s ]
NOTIC: [8] Undefined index: team_name /var/www/html/App/Application/Home/Controller/RegisterController.class.php 第 19 行.

[ 2016-05-23T17:05:18+08:00 ] 127.0.0.1 /App/index.php/Home/Register/Register/register
INFO: [ app_init ] --START--
INFO: Run Behavior\BuildLiteBehavior [ RunTime:0.000008s ]
INFO: [ app_init ] --END-- [ RunTime:0.000157s ]
INFO: [ app_begin ] --START--
INFO: Run Behavior\ReadHtmlCacheBehavior [ RunTime:0.000188s ]
INFO: [ app_begin ] --END-- [ RunTime:0.000214s ]
NOTIC: [8] Undefined index: team_name /var/www/html/App/Application/Home/Controller/RegisterController.class.php 第 19 行.

[ 2016-05-23T17:05:19+08:00 ] 127.0.0.1 /App/index.php/Home/Register/Register/register
INFO: [ app_init ] --START--
INFO: Run Behavior\BuildLiteBehavior [ RunTime:0.000006s ]
INFO: [ app_init ] --END-- [ RunTime:0.000143s ]
INFO: [ app_begin ] --START--
INFO: Run Behavior\ReadHtmlCacheBehavior [ RunTime:0.000169s ]
INFO: [ app_begin ] --END-- [ RunTime:0.000193s ]
NOTIC: [8] Undefined index: team_name /var/www/html/App/Application/Home/Controller/RegisterController.class.php 第 19 行.

[ 2016-05-23T17:05:20+08:00 ] 127.0.0.1 /App/index.php/Home/Register/Register/register
INFO: [ app_init ] --START--
INFO: Run Behavior\BuildLiteBehavior [ RunTime:0.000008s ]
INFO: [ app_init ] --END-- [ RunTime:0.000158s ]
INFO: [ app_begin ] --START--
INFO: Run Behavior\ReadHtmlCacheBehavior [ RunTime:0.000182s ]
INFO: [ app_begin ] --END-- [ RunTime:0.000208s ]
NOTIC: [8] Undefined index: team_name /var/www/html/App/Application/Home/Controller/RegisterController.class.php 第 19 行.

[ 2016-05-23T17:05:32+08:00 ] 127.0.0.1 /App/index.php/Home/Register/Register/register
INFO: [ app_init ] --START--
INFO: Run Behavior\BuildLiteBehavior [ RunTime:0.000008s ]
INFO: [ app_init ] --END-- [ RunTime:0.000265s ]
INFO: [ app_begin ] --START--
INFO: Run Behavior\ReadHtmlCacheBehavior [ RunTime:0.000341s ]
INFO: [ app_begin ] --END-- [ RunTime:0.000364s ]
NOTIC: [8] Undefined index: team_name /var/www/html/App/Application/Home/Controller/RegisterController.class.php 第 19 行.

[ 2016-05-23T17:18:16+08:00 ] 127.0.0.1 /App/index.php/Home/Register/register
INFO: [ app_init ] --START--
INFO: Run Behavior\BuildLiteBehavior [ RunTime:0.000010s ]
INFO: [ app_init ] --END-- [ RunTime:0.000069s ]
INFO: [ app_begin ] --START--
INFO: Run Behavior\ReadHtmlCacheBehavior [ RunTime:0.000027s ]
INFO: [ app_begin ] --END-- [ RunTime:0.000049s ]
INFO: [ view_parse ] --START--
INFO: [ template_filter ] --START--
INFO: Run Behavior\ContentReplaceBehavior [ RunTime:0.000024s ]
INFO: [ template_filter ] --END-- [ RunTime:0.000046s ]
INFO: Run Behavior\ParseTemplateBehavior [ RunTime:0.004173s ]
INFO: [ view_parse ] --END-- [ RunTime:0.004196s ]
INFO: [ view_filter ] --START--
INFO: Run Behavior\WriteHtmlCacheBehavior [ RunTime:0.000123s ]
INFO: [ view_filter ] --END-- [ RunTime:0.000139s ]
INFO: [ app_end ] --START--
INFO: Run Behavior\ShowPageTraceBehavior [ RunTime:0.000389s ]
INFO: [ app_end ] --END-- [ RunTime:0.000408s ]

[ 2016-05-23T17:18:16+08:00 ] 127.0.0.1 /App/index.php/Home/Register/pattern.png
INFO: [ app_init ] --START--
INFO: Run Behavior\BuildLiteBehavior [ RunTime:0.000009s ]
INFO: [ app_init ] --END-- [ RunTime:0.000066s ]

[ 2016-05-23T17:21:32+08:00 ] 127.0.0.1 /App/index.php/Home/Register/Register/register
INFO: [ app_init ] --START--
INFO: Run Behavior\BuildLiteBehavior [ RunTime:0.000007s ]
INFO: [ app_init ] --END-- [ RunTime:0.000059s ]
INFO: [ app_begin ] --START--
INFO: Run Behavior\ReadHtmlCacheBehavior [ RunTime:0.000022s ]
INFO: [ app_begin ] --END-- [ RunTime:0.000040s ]
NOTIC: [8] Undefined index: team_name /var/www/html/App/Application/Home/Controller/RegisterController.class.php 第 19 行.

[ 2016-05-23T17:25:17+08:00 ] 127.0.0.1 /App/index.php/Home/Register/Register/register
INFO: [ app_init ] --START--
INFO: Run Behavior\BuildLiteBehavior [ RunTime:0.000008s ]
INFO: [ app_init ] --END-- [ RunTime:0.000063s ]
INFO: [ app_begin ] --START--
INFO: Run Behavior\ReadHtmlCacheBehavior [ RunTime:0.000022s ]
INFO: [ app_begin ] --END-- [ RunTime:0.000042s ]
NOTIC: [8] Undefined index: team_name /var/www/html/App/Application/Home/Controller/RegisterController.class.php 第 19 行.

[ 2016-05-23T17:25:17+08:00 ] 127.0.0.1 /App/index.php/Home/Register/Register/register
INFO: [ app_init ] --START--
INFO: Run Behavior\BuildLiteBehavior [ RunTime:0.000022s ]
INFO: [ app_init ] --END-- [ RunTime:0.000062s ]
INFO: [ app_begin ] --START--
INFO: Run Behavior\ReadHtmlCacheBehavior [ RunTime:0.000016s ]
INFO: [ app_begin ] --END-- [ RunTime:0.000034s ]
NOTIC: [8] Undefined index: team_name /var/www/html/App/Application/Home/Controller/RegisterController.class.php 第 19 行.

[ 2016-05-23T17:25:18+08:00 ] 127.0.0.1 /App/index.php/Home/Register/Register/register
INFO: [ app_init ] --START--
INFO: Run Behavior\BuildLiteBehavior [ RunTime:0.000007s ]
INFO: [ app_init ] --END-- [ RunTime:0.000048s ]
INFO: [ app_begin ] --START--
INFO: Run Behavior\ReadHtmlCacheBehavior [ RunTime:0.000016s ]
INFO: [ app_begin ] --END-- [ RunTime:0.000046s ]
NOTIC: [8] Undefined index: team_name /var/www/html/App/Application/Home/Controller/RegisterController.class.php 第 19 行.

[ 2016-05-23T17:25:19+08:00 ] 127.0.0.1 /App/index.php/Home/Register/Register/register
INFO: [ app_init ] --START--
INFO: Run Behavior\BuildLiteBehavior [ RunTime:0.000008s ]
INFO: [ app_init ] --END-- [ RunTime:0.000049s ]
INFO: [ app_begin ] --START--
INFO: Run Behavior\ReadHtmlCacheBehavior [ RunTime:0.000020s ]
INFO: [ app_begin ] --END-- [ RunTime:0.000042s ]
NOTIC: [8] Undefined index: team_name /var/www/html/App/Application/Home/Controller/RegisterController.class.php 第 19 行.

[ 2016-05-23T17:25:20+08:00 ] 127.0.0.1 /App/index.php/Home/Register/Register/register
INFO: [ app_init ] --START--
INFO: Run Behavior\BuildLiteBehavior [ RunTime:0.000007s ]
INFO: [ app_init ] --END-- [ RunTime:0.000053s ]
INFO: [ app_begin ] --START--
INFO: Run Behavior\ReadHtmlCacheBehavior [ RunTime:0.000018s ]
INFO: [ app_begin ] --END-- [ RunTime:0.000039s ]
NOTIC: [8] Undefined index: team_name /var/www/html/App/Application/Home/Controller/RegisterController.class.php 第 19 行.

[ 2016-05-23T17:25:20+08:00 ] 127.0.0.1 /App/index.php/Home/Register/Register/register
INFO: [ app_init ] --START--
INFO: Run Behavior\BuildLiteBehavior [ RunTime:0.000006s ]
INFO: [ app_init ] --END-- [ RunTime:0.000045s ]
INFO: [ app_begin ] --START--
INFO: Run Behavior\ReadHtmlCacheBehavior [ RunTime:0.000015s ]
INFO: [ app_begin ] --END-- [ RunTime:0.000034s ]
NOTIC: [8] Undefined index: team_name /var/www/html/App/Application/Home/Controller/RegisterController.class.php 第 19 行.

[ 2016-05-23T17:25:21+08:00 ] 127.0.0.1 /App/index.php/Home/Register/Register/register
INFO: [ app_init ] --START--
INFO: Run Behavior\BuildLiteBehavior [ RunTime:0.000007s ]
INFO: [ app_init ] --END-- [ RunTime:0.000046s ]
INFO: [ app_begin ] --START--
INFO: Run Behavior\ReadHtmlCacheBehavior [ RunTime:0.000016s ]
INFO: [ app_begin ] --END-- [ RunTime:0.000035s ]
NOTIC: [8] Undefined index: team_name /var/www/html/App/Application/Home/Controller/RegisterController.class.php 第 19 行.

[ 2016-05-23T17:26:31+08:00 ] 127.0.0.1 /App/index.php/Home/Register/Register/register
INFO: [ app_init ] --START--
INFO: Run Behavior\BuildLiteBehavior [ RunTime:0.000008s ]
INFO: [ app_init ] --END-- [ RunTime:0.000323s ]
INFO: [ app_begin ] --START--
INFO: Run Behavior\ReadHtmlCacheBehavior [ RunTime:0.000328s ]
INFO: [ app_begin ] --END-- [ RunTime:0.000351s ]
NOTIC: [8] Undefined index: team_name /var/www/html/App/Application/Home/Controller/RegisterController.class.php 第 19 行.
ERR: 1146:Table 'alictf.alictf_teams' doesn't exist
 [ SQL语句 ] : SHOW COLUMNS FROM `alictf_teams`
ERR: 1146:Table 'alictf.alictf_teams' doesn't exist
 [ SQL语句 ] : SHOW COLUMNS FROM `alictf_teams`
NOTIC: [2] Cannot modify header information - headers already sent by (output started at /var/www/html/App/Application/Home/Controller/RegisterController.class.php:12) /var/www/html/App/ThinkPHP/Library/Think/Think.class.php 第 229 行.
NOTIC: [2] Cannot modify header information - headers already sent by (output started at /var/www/html/App/Application/Home/Controller/RegisterController.class.php:12) /var/www/html/App/ThinkPHP/Library/Think/Think.class.php 第 230 行.

[ 2016-05-23T17:29:06+08:00 ] 127.0.0.1 /App/index.php/Home/Register/Register/register
INFO: [ app_init ] --START--
INFO: Run Behavior\BuildLiteBehavior [ RunTime:0.000025s ]
INFO: [ app_init ] --END-- [ RunTime:0.000110s ]
INFO: [ app_begin ] --START--
INFO: Run Behavior\ReadHtmlCacheBehavior [ RunTime:0.000030s ]
INFO: [ app_begin ] --END-- [ RunTime:0.000053s ]
NOTIC: [8] Undefined index: team_name /var/www/html/App/Application/Home/Controller/RegisterController.class.php 第 19 行.
ERR: 1146:Table 'alictf.alictf_teams' doesn't exist
 [ SQL语句 ] : SHOW COLUMNS FROM `alictf_teams`
ERR: 1146:Table 'alictf.alictf_teams' doesn't exist
 [ SQL语句 ] : SHOW COLUMNS FROM `alictf_teams`
NOTIC: [2] Cannot modify header information - headers already sent by (output started at /var/www/html/App/Application/Home/Controller/RegisterController.class.php:12) /var/www/html/App/ThinkPHP/Library/Think/Think.class.php 第 229 行.
NOTIC: [2] Cannot modify header information - headers already sent by (output started at /var/www/html/App/Application/Home/Controller/RegisterController.class.php:12) /var/www/html/App/ThinkPHP/Library/Think/Think.class.php 第 230 行.

[ 2016-05-23T17:29:07+08:00 ] 127.0.0.1 /App/index.php/Home/Register/Register/register
INFO: [ app_init ] --START--
INFO: Run Behavior\BuildLiteBehavior [ RunTime:0.000008s ]
INFO: [ app_init ] --END-- [ RunTime:0.000056s ]
INFO: [ app_begin ] --START--
INFO: Run Behavior\ReadHtmlCacheBehavior [ RunTime:0.000022s ]
INFO: [ app_begin ] --END-- [ RunTime:0.000046s ]
NOTIC: [8] Undefined index: team_name /var/www/html/App/Application/Home/Controller/RegisterController.class.php 第 19 行.
ERR: 1146:Table 'alictf.alictf_teams' doesn't exist
 [ SQL语句 ] : SHOW COLUMNS FROM `alictf_teams`
ERR: 1146:Table 'alictf.alictf_teams' doesn't exist
 [ SQL语句 ] : SHOW COLUMNS FROM `alictf_teams`
NOTIC: [2] Cannot modify header information - headers already sent by (output started at /var/www/html/App/Application/Home/Controller/RegisterController.class.php:12) /var/www/html/App/ThinkPHP/Library/Think/Think.class.php 第 229 行.
NOTIC: [2] Cannot modify header information - headers already sent by (output started at /var/www/html/App/Application/Home/Controller/RegisterController.class.php:12) /var/www/html/App/ThinkPHP/Library/Think/Think.class.php 第 230 行.

[ 2016-05-23T17:29:07+08:00 ] 127.0.0.1 /App/index.php/Home/Register/Register/register
INFO: [ app_init ] --START--
INFO: Run Behavior\BuildLiteBehavior [ RunTime:0.000007s ]
INFO: [ app_init ] --END-- [ RunTime:0.000051s ]
INFO: [ app_begin ] --START--
INFO: Run Behavior\ReadHtmlCacheBehavior [ RunTime:0.000019s ]
INFO: [ app_begin ] --END-- [ RunTime:0.000041s ]
NOTIC: [8] Undefined index: team_name /var/www/html/App/Application/Home/Controller/RegisterController.class.php 第 19 行.
ERR: 1146:Table 'alictf.alictf_teams' doesn't exist
 [ SQL语句 ] : SHOW COLUMNS FROM `alictf_teams`
ERR: 1146:Table 'alictf.alictf_teams' doesn't exist
 [ SQL语句 ] : SHOW COLUMNS FROM `alictf_teams`
NOTIC: [2] Cannot modify header information - headers already sent by (output started at /var/www/html/App/Application/Home/Controller/RegisterController.class.php:12) /var/www/html/App/ThinkPHP/Library/Think/Think.class.php 第 229 行.
NOTIC: [2] Cannot modify header information - headers already sent by (output started at /var/www/html/App/Application/Home/Controller/RegisterController.class.php:12) /var/www/html/App/ThinkPHP/Library/Think/Think.class.php 第 230 行.

[ 2016-05-23T17:29:26+08:00 ] 127.0.0.1 /App/index.php/Home/Register/Register/register
INFO: [ app_init ] --START--
INFO: Run Behavior\BuildLiteBehavior [ RunTime:0.000007s ]
INFO: [ app_init ] --END-- [ RunTime:0.000080s ]
INFO: [ app_begin ] --START--
INFO: Run Behavior\ReadHtmlCacheBehavior [ RunTime:0.000026s ]
INFO: [ app_begin ] --END-- [ RunTime:0.000046s ]
NOTIC: [8] Undefined index: team_name /var/www/html/App/Application/Home/Controller/RegisterController.class.php 第 19 行.
SQL: SHOW COLUMNS FROM `alictf_team` [ RunTime:0.0003s ]
ERR: Think\Model:addTeam方法不存在！
NOTIC: [2] Cannot modify header information - headers already sent by (output started at /var/www/html/App/Application/Home/Controller/RegisterController.class.php:12) /var/www/html/App/ThinkPHP/Library/Think/Think.class.php 第 229 行.
NOTIC: [2] Cannot modify header information - headers already sent by (output started at /var/www/html/App/Application/Home/Controller/RegisterController.class.php:12) /var/www/html/App/ThinkPHP/Library/Think/Think.class.php 第 230 行.

[ 2016-05-23T17:29:38+08:00 ] 127.0.0.1 /App/index.php/Home/Register/Register/register
INFO: [ app_init ] --START--
INFO: Run Behavior\BuildLiteBehavior [ RunTime:0.000010s ]
INFO: [ app_init ] --END-- [ RunTime:0.000084s ]
INFO: [ app_begin ] --START--
INFO: Run Behavior\ReadHtmlCacheBehavior [ RunTime:0.000026s ]
INFO: [ app_begin ] --END-- [ RunTime:0.000046s ]
NOTIC: [8] Undefined index: team_name /var/www/html/App/Application/Home/Controller/RegisterController.class.php 第 19 行.
SQL: SHOW COLUMNS FROM `alictf_team` [ RunTime:0.0003s ]
ERR: Think\Model:addTeam方法不存在！
NOTIC: [2] Cannot modify header information - headers already sent by (output started at /var/www/html/App/Application/Home/Controller/RegisterController.class.php:12) /var/www/html/App/ThinkPHP/Library/Think/Think.class.php 第 229 行.
NOTIC: [2] Cannot modify header information - headers already sent by (output started at /var/www/html/App/Application/Home/Controller/RegisterController.class.php:12) /var/www/html/App/ThinkPHP/Library/Think/Think.class.php 第 230 行.

[ 2016-05-23T17:29:46+08:00 ] 127.0.0.1 /App/index.php/Home/Register/Register/register
INFO: [ app_init ] --START--
INFO: Run Behavior\BuildLiteBehavior [ RunTime:0.000010s ]
INFO: [ app_init ] --END-- [ RunTime:0.000079s ]
INFO: [ app_begin ] --START--
INFO: Run Behavior\ReadHtmlCacheBehavior [ RunTime:0.000029s ]
INFO: [ app_begin ] --END-- [ RunTime:0.000053s ]
NOTIC: [8] Undefined index: team_name /var/www/html/App/Application/Home/Controller/RegisterController.class.php 第 19 行.
SQL: SHOW COLUMNS FROM `alictf_team` [ RunTime:0.0003s ]
ERR: Think\Model:addTeam方法不存在！

[ 2016-05-23T17:29:48+08:00 ] 127.0.0.1 /App/index.php/Home/Register/Register/register
INFO: [ app_init ] --START--
INFO: Run Behavior\BuildLiteBehavior [ RunTime:0.000011s ]
INFO: [ app_init ] --END-- [ RunTime:0.000060s ]
INFO: [ app_begin ] --START--
INFO: Run Behavior\ReadHtmlCacheBehavior [ RunTime:0.000028s ]
INFO: [ app_begin ] --END-- [ RunTime:0.000062s ]
NOTIC: [8] Undefined index: team_name /var/www/html/App/Application/Home/Controller/RegisterController.class.php 第 19 行.
SQL: SHOW COLUMNS FROM `alictf_team` [ RunTime:0.0003s ]
ERR: Think\Model:addTeam方法不存在！

[ 2016-05-23T17:30:16+08:00 ] 127.0.0.1 /App/index.php/Home/Register/Register/register
INFO: [ app_init ] --START--
INFO: Run Behavior\BuildLiteBehavior [ RunTime:0.000010s ]
INFO: [ app_init ] --END-- [ RunTime:0.000075s ]
INFO: [ app_begin ] --START--
INFO: Run Behavior\ReadHtmlCacheBehavior [ RunTime:0.000027s ]
INFO: [ app_begin ] --END-- [ RunTime:0.000047s ]
NOTIC: [8] Undefined index: team_name /var/www/html/App/Application/Home/Controller/RegisterController.class.php 第 19 行.
SQL: SHOW COLUMNS FROM `alictf_team` [ RunTime:0.0003s ]
ERR: Think\Model:addTeam方法不存在！

[ 2016-05-23T17:30:17+08:00 ] 127.0.0.1 /App/index.php/Home/Register/Register/register
INFO: [ app_init ] --START--
INFO: Run Behavior\BuildLiteBehavior [ RunTime:0.000007s ]
INFO: [ app_init ] --END-- [ RunTime:0.000057s ]
INFO: [ app_begin ] --START--
INFO: Run Behavior\ReadHtmlCacheBehavior [ RunTime:0.000016s ]
INFO: [ app_begin ] --END-- [ RunTime:0.000034s ]
NOTIC: [8] Undefined index: team_name /var/www/html/App/Application/Home/Controller/RegisterController.class.php 第 19 行.
SQL: SHOW COLUMNS FROM `alictf_team` [ RunTime:0.0004s ]
ERR: Think\Model:addTeam方法不存在！

[ 2016-05-23T17:30:18+08:00 ] 127.0.0.1 /App/index.php/Home/Register/Register/register
INFO: [ app_init ] --START--
INFO: Run Behavior\BuildLiteBehavior [ RunTime:0.000007s ]
INFO: [ app_init ] --END-- [ RunTime:0.000047s ]
INFO: [ app_begin ] --START--
INFO: Run Behavior\ReadHtmlCacheBehavior [ RunTime:0.000017s ]
INFO: [ app_begin ] --END-- [ RunTime:0.000038s ]
NOTIC: [8] Undefined index: team_name /var/www/html/App/Application/Home/Controller/RegisterController.class.php 第 19 行.
SQL: SHOW COLUMNS FROM `alictf_team` [ RunTime:0.0003s ]
ERR: Think\Model:addTeam方法不存在！

[ 2016-05-23T17:31:27+08:00 ] 127.0.0.1 /App/index.php/Home/Register/Register/register
INFO: [ app_init ] --START--
INFO: Run Behavior\BuildLiteBehavior [ RunTime:0.000008s ]
INFO: [ app_init ] --END-- [ RunTime:0.000050s ]
INFO: [ app_begin ] --START--
INFO: Run Behavior\ReadHtmlCacheBehavior [ RunTime:0.000028s ]
INFO: [ app_begin ] --END-- [ RunTime:0.000051s ]
NOTIC: [8] Undefined index: team_name /var/www/html/App/Application/Home/Controller/RegisterController.class.php 第 19 行.
SQL: SHOW COLUMNS FROM `alictf_team` [ RunTime:0.0003s ]
SQL: SHOW COLUMNS FROM `alictf_account` [ RunTime:0.0003s ]
SQL: INSERT INTO `alictf_account` () VALUES () [ RunTime:0.0734s ]
SQL: SHOW COLUMNS FROM `alictf_team` [ RunTime:0.0004s ]
SQL: INSERT INTO `alictf_team` () VALUES () [ RunTime:0.0331s ]
INFO: [ view_parse ] --START--
INFO: [ template_filter ] --START--
INFO: Run Behavior\ContentReplaceBehavior [ RunTime:0.000027s ]
INFO: [ template_filter ] --END-- [ RunTime:0.000062s ]
INFO: Run Behavior\ParseTemplateBehavior [ RunTime:0.013507s ]
INFO: [ view_parse ] --END-- [ RunTime:0.013534s ]
INFO: [ view_filter ] --START--
INFO: Run Behavior\WriteHtmlCacheBehavior [ RunTime:0.000120s ]
INFO: [ view_filter ] --END-- [ RunTime:0.000137s ]

[ 2016-05-23T17:32:39+08:00 ] 127.0.0.1 /App/index.php/Home/Register/Register/register
INFO: [ app_init ] --START--
INFO: Run Behavior\BuildLiteBehavior [ RunTime:0.000007s ]
INFO: [ app_init ] --END-- [ RunTime:0.000046s ]
INFO: [ app_begin ] --START--
INFO: Run Behavior\ReadHtmlCacheBehavior [ RunTime:0.000017s ]
INFO: [ app_begin ] --END-- [ RunTime:0.000036s ]
NOTIC: [8] Undefined index: team_name /var/www/html/App/Application/Home/Controller/RegisterController.class.php 第 19 行.
SQL: SHOW COLUMNS FROM `alictf_team` [ RunTime:0.0003s ]
SQL: SHOW COLUMNS FROM `alictf_account` [ RunTime:0.0003s ]
SQL: INSERT INTO `alictf_account` () VALUES () [ RunTime:0.0250s ]
SQL: SHOW COLUMNS FROM `alictf_team` [ RunTime:0.0004s ]
SQL: INSERT INTO `alictf_team` () VALUES () [ RunTime:0.0247s ]
INFO: [ view_parse ] --START--
INFO: [ template_filter ] --START--
INFO: Run Behavior\ContentReplaceBehavior [ RunTime:0.000027s ]
INFO: [ template_filter ] --END-- [ RunTime:0.000065s ]
INFO: Run Behavior\ParseTemplateBehavior [ RunTime:0.001260s ]
INFO: [ view_parse ] --END-- [ RunTime:0.001291s ]
INFO: [ view_filter ] --START--
INFO: Run Behavior\WriteHtmlCacheBehavior [ RunTime:0.000022s ]
INFO: [ view_filter ] --END-- [ RunTime:0.000033s ]

